 6330  2025-07-22 17:33  cd neo_bank
 6331  2025-07-22 17:33  code . 
 6332  2025-07-22 17:33  cd dbt/dbt_neobank
 6333  2025-07-22 17:33  code .
 6334  2025-07-22 17:34  cd models
 6335  2025-07-22 17:34  cd data_vault
 6336  2025-07-22 17:35  touch data_vault.yml
 6337  2025-07-22 17:35  touch hub_transactions.sql
 6338  2025-07-22 17:50  poetry run dbt build --s hub_transactions.sql
 6339  2025-07-22 17:50  cd ..
 6340  2025-07-22 17:50  poetry run dbt build --s hub_transactions.sql
 6341  2025-07-22 17:51  git fetch origin main
 6342  2025-07-22 17:52  git fetch --all\n
 6343  2025-07-22 17:52  poetry install
 6344  2025-07-22 17:54  cd data_vault
 6345  2025-07-22 17:54  poetry install
 6346  2025-07-22 17:55  poetry run dbt build --s hub_transactions
 6347  2025-07-22 17:56  cd ..
 6348  2025-07-22 17:56  poetry lock --no-update
 6349  2025-07-22 17:57  cd ..
 6350  2025-07-22 17:57  cd dbt_neobank
 6351  2025-07-22 17:57  poetry lock
 6352  2025-07-22 17:57  poetry install
 6353  2025-07-22 17:57  poetry run dbt --version\n
 6354  2025-07-22 17:58  poetry cache clear pypi --all\n
 6355  2025-07-22 17:58  poetry install\n
 6356  2025-07-22 18:00  poetry run dbt --version\n
 6357  2025-07-22 18:00  poetry --version\n
 6358  2025-07-22 18:01  poetry add
 6359  2025-07-22 18:01  poetry install
 6360  2025-07-22 18:02  poetry run dbt --version\n
 6361  2025-07-22 18:03  poetry run dbt --version
 6362  2025-07-22 18:04  cd ..
 6363  2025-07-22 18:04  code . 
 6364  2025-07-22 18:04  poetry run dbt --version
 6365  2025-07-22 18:05  cd dbt_neobank
 6366  2025-07-22 18:05  poetry run dbt --version
 6367  2025-07-22 18:06  poetry install
 6368  2025-07-22 18:06  poetry run dbt --version
 6369  2025-07-22 18:07  poetry list G dbt
 6370  2025-07-22 18:07  poetry list
 6371  2025-07-22 18:07  poetry show dbt
 6372  2025-07-22 18:08  poetry install
 6373  2025-07-22 18:09  poetry lock
 6374  2025-07-22 18:09  git status
 6375  2025-07-22 18:09  poetry install
 6376  2025-07-22 18:11  poetry show dbt
 6377  2025-07-22 18:13  poetry show
 6378  2025-07-22 18:13  poetry run db
 6379  2025-07-22 18:14  poetry run dbt
 6380  2025-07-22 18:15  poetry shell 
 6381  2025-07-22 18:16  poetry run python 
 6382  2025-07-22 18:17  poetry show -v
 6383  2025-07-22 18:17  poetry run which dbt\n
 6384  2025-07-22 18:18  code -a ~/.dbt
 6385  2025-07-22 18:20  cd ~
 6386  2025-07-22 18:20  ls
 6387  2025-07-22 18:20  cd code
 6388  2025-07-22 18:20  ls
 6389  2025-07-22 18:20  cd neo_bank
 6390  2025-07-22 18:20  cd dbt/dbt_neobank
 6391  2025-07-22 18:20  poetry install
 6392  2025-07-22 18:20  poetry show dbt --version
 6393  2025-07-22 18:21  poetry run dbt --version
 6394  2025-07-22 18:22  poetry shell
 6395  2025-07-22 18:22  poetry run where dbt\n
 6396  2025-07-22 18:22  poetry add dbt\n
 6397  2025-07-22 18:23  poetry run dbt --version
 6398  2025-07-22 18:23  poetry show dbt\n
 6399  2025-07-22 18:24  cd ..
 6400  2025-07-22 18:25  poetry run dbt --version
 6401  2025-07-22 18:25  poetry run python
 6402  2025-07-22 18:25  poetry show 
 6403  2025-07-22 18:26  poetry run which dbt\n
 6404  2025-07-22 18:27  poetry run dbt --profiles-dir
 6405  2025-07-22 18:27  poetry run dbt --profiles-dir dbt_neobank
 6406  2025-07-22 18:28  dbt 
 6407  2025-07-22 18:30  poetry run dbt --version
 6408  2025-07-22 18:31  poetry install
 6409  2025-07-22 18:31  poetry run dbt --version
 6410  2025-07-22 18:32  poetry run dbt dbt_neobank/models/data_vault/hub_transactions
 6411  2025-07-22 18:32  poetry run dbt build --s dbt_neobank/models/data_vault/hub_transactions
 6412  2025-07-22 18:33  cd dbt_neobank
 6413  2025-07-22 18:33  cd models
 6414  2025-07-22 18:33  cd data_vault
 6415  2025-07-22 18:33  poetry run dbt build --s hub_transactions.sql
 6416  2025-07-22 18:33  poetry run dbt build -s hub_transactions.sql
 6417  2025-07-22 18:35  poetry run dbt build -s hub_transactions
 6418  2025-07-22 18:37  git checkout -b emma/dv_hubs
 6419  2025-07-22 19:24  touch hub_users.sql
 6420  2025-07-22 19:25  poetry run dbt build -s hub_users
 6421  2025-07-22 19:27  touch hub_notifications.sq;
 6422  2025-07-22 19:27  touch hub_notifications.sql
 6423  2025-07-22 19:36  poetry run dbt build -s hub_notifications
 6424  2025-07-22 19:37  git add . 
 6425  2025-07-22 19:37  git status
 6426  2025-07-22 19:50  poetry run dbt build -s hub_notifications
 6427  2025-07-22 20:00  git add . 
 6428  2025-07-22 20:00  git status
 6429  2025-07-22 20:01  git add /home/eberniczky/code/neo_bank/dbt/dbt_neobank/macros/generate_schema_name.sql /home/eberniczky/code/neo_bank/dbt/dbt_neobank/macros/record_source.sql
 6430  2025-07-22 20:01  git status
 6431  2025-07-22 20:02  git add /home/eberniczky/code/neo_bank/dbt/dbt_neobank/dbt_project.yml
 6432  2025-07-22 20:02  git status
 6433  2025-07-22 20:02  git commit -m "hubs done"
 6434  2025-07-22 20:02  git push 
 6435  2025-07-22 20:03  git checkout main\n
 6436  2025-07-22 20:03  cd ..
 6437  2025-07-22 20:03  git status
 6438  2025-07-22 20:04  git pull origin main\n
 6439  2025-07-22 20:04  git merge emma/dv_hubs
 6440  2025-07-22 20:04  git push origin main
 6441  2025-07-22 20:05  git checkout -b emma/dv_links
 6442  2025-07-22 20:05  cd data_vault
 6443  2025-07-22 20:06  touch link_user_transaction.sql
 6444  2025-07-22 20:25  poetry run dbt build -s links/link_user_transaction
 6445  2025-07-22 20:27  poetry run dbt build -s link_user_transaction
 6446  2025-07-22 20:33  poetry run dbt build -s stg_notifications
 6447  2025-07-22 20:35  poetry run dbt build -s hub_notifications
 6448  2025-07-22 20:50  poetry run dbt build
